<?xml version="1.0" encoding="UTF-8"?>
<!-- Generated by org.testng.reporters.JUnitXMLReporter -->
<testsuite hostname="WKWIN6962993" ignored="2" name="Test" tests="4" failures="0" timestamp="2020-11-21T19:27:08 IST" time="14.523" errors="0">
  <testcase name="testGenerateTOken" time="8.054" classname="TestScripts.GenerateAuthTests"/>
  <testcase name="createBooking" time="1.629" classname="TestScripts.CreateBookingTests"/>
  <testcase name="createBooking" time="1.613" classname="TestScripts.CreateBookingTests"/>
  <testcase name="createBooking" time="1.63" classname="TestScripts.CreateBookingTests"/>
  <testcase name="@AfterSuite tearDown" time="0.0" classname="TestScripts.BaseTest">
    <ignored/>
  </testcase> <!-- @AfterSuite tearDown -->
  <testcase name="@BeforeSuite setUp" time="0.0" classname="TestScripts.BaseTest">
    <ignored/>
  </testcase> <!-- @BeforeSuite setUp -->
</testsuite> <!-- Test -->
